  Building NVCC (Device) object AFEM/cuda/CMakeFiles/AFEM_cuda_lib.dir/gpu_source/Debug/AFEM_cuda_lib_generated_AFEM_cuda.cu.obj
  AFEM_cuda.cu
  
D:\GitHub\opencloth_vision\AFEM\include\AFEM_geometry.hpp(115): warning : expression has no effect
  
  
  
D:/GitHub/opencloth_vision/AFEM/cuda/gpu_source/AFEM_cuda.cu(1434): warning : variable "a" was declared but never referenced
  
  
  
D:/GitHub/opencloth_vision/AFEM/cuda/gpu_source/AFEM_cuda.cu(1671): warning : parameter "elem_array_ptr" was set but never used
  
  
  
D:/GitHub/opencloth_vision/AFEM/cuda/gpu_source/AFEM_cuda.cu(1671): warning : parameter "pos_array_ptr" was set but never used
  
  
  
D:/GitHub/opencloth_vision/AFEM/cuda/gpu_source/AFEM_cuda.cu(1795): warning : variable "blocks_nodes2" was set but never used
  
  
  
D:/GitHub/opencloth_vision/AFEM/cuda/gpu_source/AFEM_cuda.cu(1795): warning : variable "threads_nodes2" was set but never used
  
  
  
D:\GitHub\opencloth_vision\AFEM\include\AFEM_geometry.hpp(115): warning : expression has no effect
  
  
  
D:/GitHub/opencloth_vision/AFEM/cuda/gpu_source/AFEM_cuda.cu(1434): warning : variable "a" was declared but never referenced
  
  
  
D:/GitHub/opencloth_vision/AFEM/cuda/gpu_source/AFEM_cuda.cu(1671): warning : parameter "elem_array_ptr" was set but never used
  
  
  
D:/GitHub/opencloth_vision/AFEM/cuda/gpu_source/AFEM_cuda.cu(1671): warning : parameter "pos_array_ptr" was set but never used
  
  
  
D:/GitHub/opencloth_vision/AFEM/cuda/gpu_source/AFEM_cuda.cu(1795): warning : variable "blocks_nodes2" was set but never used
  
  
  
D:/GitHub/opencloth_vision/AFEM/cuda/gpu_source/AFEM_cuda.cu(1795): warning : variable "threads_nodes2" was set but never used
  
  
  
  AFEM_cuda.cu
  
D:\GitHub\opencloth_vision\AFEM\include\AFEM_geometry.hpp(115): warning C4551: function call missing argument list
  
D:/GitHub/opencloth_vision/AFEM/cuda/gpu_source/AFEM_cuda.cu(1647): warning C4244: 'argument' : conversion from 'double' to 'int', possible loss of data
  
D:/GitHub/opencloth_vision/AFEM/cuda/gpu_source/AFEM_cuda.cu(1648): warning C4244: 'argument' : conversion from 'double' to 'int', possible loss of data
  
D:/GitHub/opencloth_vision/AFEM/cuda/gpu_source/AFEM_cuda.cu(1649): warning C4244: 'argument' : conversion from 'double' to 'int', possible loss of data
  
D:/GitHub/opencloth_vision/AFEM/cuda/gpu_source/AFEM_cuda.cu(1653): warning C4244: 'argument' : conversion from 'double' to 'int', possible loss of data
  
D:/GitHub/opencloth_vision/AFEM/cuda/gpu_source/AFEM_cuda.cu(1656): warning C4244: 'argument' : conversion from 'double' to 'int', possible loss of data
  
D:/GitHub/opencloth_vision/AFEM/cuda/gpu_source/AFEM_cuda.cu(1659): warning C4244: 'argument' : conversion from 'double' to 'int', possible loss of data
  
D:/GitHub/opencloth_vision/AFEM/cuda/gpu_source/AFEM_cuda.cu(1915): warning C4305: 'argument' : truncation from 'double' to 'float'
  
  AFEM_cuda_lib.vcxproj -> D:\GitHub\opencloth_vision\build\AFEM\cuda\Debug\AFEM_cuda_lib.lib
